build/outputs/logs/manifest-merger-release-report.txt
-- Merging decision tree log ---
manifest
ADDED from SEISPapp120\AndroidManifest.xml:2:1-123:12
	xmlns:android
		ADDED from SEISPapp120\AndroidManifest.xml:2:11-69
	package
		ADDED from SEISPapp120\AndroidManifest.xml:3:5-42
	android:versionName
		ADDED from SEISPapp120\AndroidManifest.xml:5:5-32
	android:versionCode
		ADDED from SEISPapp120\AndroidManifest.xml:4:5-28
		INJECTED from SEISPapp120\AndroidManifest.xml
		INJECTED from SEISPapp120\AndroidManifest.xml
uses-sdk
ADDED from SEISPapp120\AndroidManifest.xml:7:5-43
	android:minSdkVersion
		ADDED from SEISPapp120\AndroidManifest.xml:7:15-40
uses-permission#android.permission.READ_PHONE_STATE
ADDED from SEISPapp120\AndroidManifest.xml:9:5-75
	android:name
		ADDED from SEISPapp120\AndroidManifest.xml:9:22-72
uses-permission#android.permission.ACCESS_WIFI_STATE
ADDED from SEISPapp120\AndroidManifest.xml:10:5-76
	android:name
		ADDED from SEISPapp120\AndroidManifest.xml:10:22-73
uses-permission#android.permission.INTERNET
ADDED from SEISPapp120\AndroidManifest.xml:11:5-67
	android:name
		ADDED from SEISPapp120\AndroidManifest.xml:11:22-64
uses-permission#android.permission.ACCESS_FINE_LOCATION
ADDED from SEISPapp120\AndroidManifest.xml:12:5-79
	android:name
		ADDED from SEISPapp120\AndroidManifest.xml:12:22-76
uses-permission#android.permission.WRITE_EXTERNAL_STORAGE
ADDED from SEISPapp120\AndroidManifest.xml:13:5-81
	android:name
		ADDED from SEISPapp120\AndroidManifest.xml:13:22-78
uses-permission#android.permission.GET_ACCOUNTS
ADDED from SEISPapp120\AndroidManifest.xml:14:5-71
	android:name
		ADDED from SEISPapp120\AndroidManifest.xml:14:22-68
uses-permission#android.permission.USE_CREDENTIALS
ADDED from SEISPapp120\AndroidManifest.xml:15:5-74
	android:name
		ADDED from SEISPapp120\AndroidManifest.xml:15:22-71
uses-permission#android.permission.ACCESS_NETWORK_STATE
ADDED from SEISPapp120\AndroidManifest.xml:16:5-79
	android:name
		ADDED from SEISPapp120\AndroidManifest.xml:16:22-76
android:uses-permission#android.permission.READ_EXTERNAL_STORAGE
ADDED from SEISPapp120\AndroidManifest.xml:18:5-88
	android:name
		ADDED from SEISPapp120\AndroidManifest.xml:18:30-85
application
ADDED from SEISPapp120\AndroidManifest.xml:21:5-121:19
	android:label
		ADDED from SEISPapp120\AndroidManifest.xml:25:9-41
	android:allowBackup
		ADDED from SEISPapp120\AndroidManifest.xml:23:9-35
	android:icon
		ADDED from SEISPapp120\AndroidManifest.xml:24:9-45
	android:theme
		ADDED from SEISPapp120\AndroidManifest.xml:26:9-40
	android:name
		ADDED from SEISPapp120\AndroidManifest.xml:22:9-65
activity#org.ses.android.soap.PromoterLoginActivity
ADDED from SEISPapp120\AndroidManifest.xml:38:9-47:20
	android:label
		ADDED from SEISPapp120\AndroidManifest.xml:40:13-45
	android:theme
		ADDED from SEISPapp120\AndroidManifest.xml:41:13-60
	android:name
		ADDED from SEISPapp120\AndroidManifest.xml:39:13-70
intent-filter#android.intent.action.MAIN+android.intent.category.LAUNCHER
ADDED from SEISPapp120\AndroidManifest.xml:42:13-46:29
action#android.intent.action.MAIN
ADDED from SEISPapp120\AndroidManifest.xml:43:17-69
	android:name
		ADDED from SEISPapp120\AndroidManifest.xml:43:25-66
category#android.intent.category.LAUNCHER
ADDED from SEISPapp120\AndroidManifest.xml:45:17-77
	android:name
		ADDED from SEISPapp120\AndroidManifest.xml:45:27-74
activity#org.ses.android.soap.Menu_principal
ADDED from SEISPapp120\AndroidManifest.xml:48:9-57:20
	android:label
		ADDED from SEISPapp120\AndroidManifest.xml:51:13-45
	android:theme
		ADDED from SEISPapp120\AndroidManifest.xml:50:13-60
	android:name
		ADDED from SEISPapp120\AndroidManifest.xml:49:13-63
intent-filter#android.intent.action.Menu_principal+android.intent.category.ALTERNATIVE
ADDED from SEISPapp120\AndroidManifest.xml:52:13-56:29
action#android.intent.action.Menu_principal
ADDED from SEISPapp120\AndroidManifest.xml:53:17-79
	android:name
		ADDED from SEISPapp120\AndroidManifest.xml:53:25-76
category#android.intent.category.ALTERNATIVE
ADDED from SEISPapp120\AndroidManifest.xml:55:17-80
	android:name
		ADDED from SEISPapp120\AndroidManifest.xml:55:27-77
activity#org.ses.android.soap.ParticipanteDNIActivity
ADDED from SEISPapp120\AndroidManifest.xml:58:9-68:20
	android:label
		ADDED from SEISPapp120\AndroidManifest.xml:62:13-45
	android:theme
		ADDED from SEISPapp120\AndroidManifest.xml:61:13-60
	android:name
		ADDED from SEISPapp120\AndroidManifest.xml:59:13-72
intent-filter#android.intent.action.ParticipanteDNIActivity+android.intent.category.ALTERNATIVE
ADDED from SEISPapp120\AndroidManifest.xml:63:13-67:29
action#android.intent.action.ParticipanteDNIActivity
ADDED from SEISPapp120\AndroidManifest.xml:64:17-88
	android:name
		ADDED from SEISPapp120\AndroidManifest.xml:64:25-85
activity#org.ses.android.soap.ParticipanteDatosActivity
ADDED from SEISPapp120\AndroidManifest.xml:69:9-78:20
	android:label
		ADDED from SEISPapp120\AndroidManifest.xml:72:13-45
	android:theme
		ADDED from SEISPapp120\AndroidManifest.xml:71:13-60
	android:name
		ADDED from SEISPapp120\AndroidManifest.xml:70:13-74
intent-filter#android.intent.action.ParticipanteDatosActivity+android.intent.category.ALTERNATIVE
ADDED from SEISPapp120\AndroidManifest.xml:73:13-77:29
action#android.intent.action.ParticipanteDatosActivity
ADDED from SEISPapp120\AndroidManifest.xml:74:17-90
	android:name
		ADDED from SEISPapp120\AndroidManifest.xml:74:25-87
activity#org.ses.android.soap.preferences.PreferencesActivity
ADDED from SEISPapp120\AndroidManifest.xml:79:9-82:48
	android:label
		ADDED from SEISPapp120\AndroidManifest.xml:82:13-45
	android:theme
		ADDED from SEISPapp120\AndroidManifest.xml:80:13-60
	android:name
		ADDED from SEISPapp120\AndroidManifest.xml:81:13-80
activity#org.ses.android.soap.preferences.AdminPreferencesActivity
ADDED from SEISPapp120\AndroidManifest.xml:83:9-86:48
	android:label
		ADDED from SEISPapp120\AndroidManifest.xml:86:13-45
	android:theme
		ADDED from SEISPapp120\AndroidManifest.xml:84:13-60
	android:name
		ADDED from SEISPapp120\AndroidManifest.xml:85:13-85
activity#org.ses.android.soap.ParticipanteBusquedaActivity
ADDED from SEISPapp120\AndroidManifest.xml:87:9-90:48
	android:label
		ADDED from SEISPapp120\AndroidManifest.xml:90:13-45
	android:theme
		ADDED from SEISPapp120\AndroidManifest.xml:88:13-60
	android:name
		ADDED from SEISPapp120\AndroidManifest.xml:89:13-77
activity#org.ses.android.soap.ParticipanteVisitaActivity
ADDED from SEISPapp120\AndroidManifest.xml:99:9-102:48
	android:label
		ADDED from SEISPapp120\AndroidManifest.xml:102:13-45
	android:theme
		ADDED from SEISPapp120\AndroidManifest.xml:101:13-60
	android:name
		ADDED from SEISPapp120\AndroidManifest.xml:100:13-75
activity#org.ses.android.soap.VisitListActivity
ADDED from SEISPapp120\AndroidManifest.xml:103:9-106:48
	android:label
		ADDED from SEISPapp120\AndroidManifest.xml:106:13-45
	android:theme
		ADDED from SEISPapp120\AndroidManifest.xml:105:13-60
	android:name
		ADDED from SEISPapp120\AndroidManifest.xml:104:13-66
activity#org.ses.android.soap.ParticipanteAsignarIdActivity
ADDED from SEISPapp120\AndroidManifest.xml:107:9-110:48
	android:label
		ADDED from SEISPapp120\AndroidManifest.xml:110:13-45
	android:theme
		ADDED from SEISPapp120\AndroidManifest.xml:109:13-60
	android:name
		ADDED from SEISPapp120\AndroidManifest.xml:108:13-78
activity#org.ses.android.soap.widgets.ParticipanteDatosSecund
ADDED from SEISPapp120\AndroidManifest.xml:111:8-115:20
	android:label
		ADDED from SEISPapp120\AndroidManifest.xml:114:13-77
	android:theme
		ADDED from SEISPapp120\AndroidManifest.xml:113:13-60
	android:name
		ADDED from SEISPapp120\AndroidManifest.xml:112:13-80
activity#org.ses.android.soap.widgets.CambioServer
ADDED from SEISPapp120\AndroidManifest.xml:116:9-120:20
	android:label
		ADDED from SEISPapp120\AndroidManifest.xml:119:13-65
	android:theme
		ADDED from SEISPapp120\AndroidManifest.xml:118:13-60
	android:name
		ADDED from SEISPapp120\AndroidManifest.xml:117:13-69